<?xml version="1.0" encoding="utf-8"?>
<shfbBuild product="Sandcastle Help File Builder and Tools" version="2017.5.15.0" projectFile="C:\Devel\VisalStudio\Projects\_uba\Templates\MyFamousLibrary_Doc\MyFamousLibrary_Doc.shfbproj" started="22.09.2017 16:22:22">
<buildStep step="Initializing">
Finding tools...
The Sandcastle tools are located in &#39;C:\Program Files (x86)\EWSoftware\Sandcastle Help File Builder\&#39;
Searching for HTML Help 1 compiler...
Found HTML Help 1 compiler in &#39;C:\Program Files (x86)\HTML Help Workshop\&#39;
Locating components in the following folder(s):
    C:\Devel\VisalStudio\Projects\_uba\Templates\MyFamousLibrary_Doc
    C:\ProgramData\EWSoftware\Sandcastle Help File Builder\Components and Plug-Ins\
    C:\Program Files (x86)\EWSoftware\Sandcastle Help File Builder\
Using framework reflection data for &#39;.NET Framework 4.5&#39; located in &#39;C:\Program Files (x86)\EWSoftware\Sandcastle Help File Builder\Data\.NETFramework&#39;
Using presentation style &#39;VS2013&#39; located in &#39;C:\Program Files (x86)\EWSoftware\Sandcastle Help File Builder\PresentationStyles\VS2013&#39;
Loading and initializing plug-ins...
Lightweight Website Style Version 2017.5.15.0
Copyright &#169; 2006-2017, Eric Woodruff, All Rights Reserved
Portions Copyright &#169; 2014, Sam Harwell, All Rights Reserved
</buildStep>
<buildStep step="ValidatingDocumentationSources">
Validating and copying documentation source information
Source: C:\Devel\VisalStudio\Projects\_uba\Templates\MyFamousLibrary\bin\Debug\MyFamousLibrary.xml
Source: C:\Devel\VisalStudio\Projects\_uba\Templates\MyFamousLibrary\bin\Debug\MyFamousLibrary.dll
    Found assembly &#39;C:\Devel\VisalStudio\Projects\_uba\Templates\MyFamousLibrary\bin\Debug\MyFamousLibrary.dll&#39;

Copying XML comments files
    C:\Devel\VisalStudio\Projects\_uba\Templates\MyFamousLibrary\bin\Debug\MyFamousLibrary.xml -&gt; C:\Devel\VisalStudio\Projects\_uba\Templates\MyFamousLibrary_Doc\Help\Working\MyFamousLibrary.xml
</buildStep>
<buildStep step="GenerateSharedContent">
Generating shared content files (en-US, English (United States))...
<plugIn name="Lightweight Website Style" behavior="After" priority="1000">
</plugIn>    Last step completed in 00:00:00,0040
</buildStep>
<buildStep step="GenerateApiFilter">
Generating API filter for MRefBuilder...
    Last step completed in 00:00:00,0010
</buildStep>
<buildStep step="GenerateReflectionInfo">
Generating reflection information...
[C:\Program Files (x86)\Microsoft Visual Studio\2017\Professional\MSBuild\15.0\Bin\MSBuild.exe - GenerateRefInfo.proj]
Der Buildvorgang wurde am 22.09.2017 16:22:23 gestartet.
Projekt &quot;C:\Devel\VisalStudio\Projects\_uba\Templates\MyFamousLibrary_Doc\Help\Working\GenerateRefInfo.proj&quot; auf Knoten &quot;1&quot; (Standardziele).
PrepareForBuild:
  Das Verzeichnis &quot;obj\Debug\&quot; wird erstellt.
GenerateRefInfo:
  MRefBuilder (v2017.5.15.0)
  Copyright &#184; 2006-2017, Microsoft Corporation, All Rights Reserved.
  Portions Copyright &#184; 2006-2016, Eric Woodruff, All Rights Reserved.
  No source code context base path specified.  Source context information is unavailable.
  Loaded 1 assemblies for reflection and 1 dependency assemblies.
  Wrote information on 1 namespaces, 1 types, and 10 members
  Die Datei wird von &quot;reflection.org&quot; in &quot;reflection.all&quot; kopiert.
  XslTransform (v2017.5.15.0)
  Copyright &#184; 2006-2017, Microsoft Corporation, All Rights Reserved.
  Portions Copyright &#184; 2006-2016, Eric Woodruff, All Rights Reserved.
  Applying XSL transformation &#39;C:\Program Files (x86)\EWSoftware\Sandcastle Help File Builder\ProductionTransforms\MergeDuplicates.xsl&#39;.
Die Erstellung von Projekt &quot;C:\Devel\VisalStudio\Projects\_uba\Templates\MyFamousLibrary_Doc\Help\Working\GenerateRefInfo.proj&quot; ist abgeschlossen (Standardziele).
    Last step completed in 00:00:00,7800
</buildStep>
<buildStep step="TransformReflectionInfo">
Transforming reflection output...
[C:\Program Files (x86)\Microsoft Visual Studio\2017\Professional\MSBuild\15.0\Bin\MSBuild.exe - TransformManifest.proj]
Der Buildvorgang wurde am 22.09.2017 16:22:23 gestartet.
Projekt &quot;C:\Devel\VisalStudio\Projects\_uba\Templates\MyFamousLibrary_Doc\Help\Working\TransformManifest.proj&quot; auf Knoten &quot;1&quot; (Standardziele).
TransformManifest:
  XslTransform (v2017.5.15.0)
  Copyright &#184; 2006-2017, Microsoft Corporation, All Rights Reserved.
  Portions Copyright &#184; 2006-2016, Eric Woodruff, All Rights Reserved.
  Applying XSL transformation &#39;C:\Program Files (x86)\EWSoftware\Sandcastle Help File Builder\\ProductionTransforms\ApplyVSDocModel.xsl&#39;.
  Die Datei wird von &quot;reflection.xml&quot; in &quot;reflection.nofilenames&quot; kopiert.
  XslTransform (v2017.5.15.0)
  Copyright &#184; 2006-2017, Microsoft Corporation, All Rights Reserved.
  Portions Copyright &#184; 2006-2016, Eric Woodruff, All Rights Reserved.
  Applying XSL transformation &#39;C:\Program Files (x86)\EWSoftware\Sandcastle Help File Builder\ProductionTransforms\AddFilenames.xsl&#39;.
  XslTransform (v2017.5.15.0)
  Copyright &#184; 2006-2017, Microsoft Corporation, All Rights Reserved.
  Portions Copyright &#184; 2006-2016, Eric Woodruff, All Rights Reserved.
  Applying XSL transformation &#39;C:\Program Files (x86)\EWSoftware\Sandcastle Help File Builder\ProductionTransforms\ReflectionToManifest.xsl&#39;.
Die Erstellung von Projekt &quot;C:\Devel\VisalStudio\Projects\_uba\Templates\MyFamousLibrary_Doc\Help\Working\TransformManifest.proj&quot; ist abgeschlossen (Standardziele).
    Last step completed in 00:00:00,5390
</buildStep>
<buildStep step="GenerateNamespaceSummaries">
Generating namespace summary information...
    Last step completed in 00:00:00,0020
</buildStep>
<buildStep step="CopyConceptualContent">
Copying conceptual content...
Copying standard token shared content file...
Checking for other token files...
Checking for code snippets files...
Copying images and creating the media map file...
Generating conceptual topic files
    Parsing topic file &#39;C:\Devel\VisalStudio\Projects\_uba\Templates\MyFamousLibrary_Doc\Content\Welcome.aml&#39;
    C:\Devel\VisalStudio\Projects\_uba\Templates\MyFamousLibrary_Doc\Content\Welcome.aml -&gt; C:\Devel\VisalStudio\Projects\_uba\Templates\MyFamousLibrary_Doc\Help\Working\ddueXml\365f6dc0-f615-4beb-a8b1-8e690fe6c457.xml
    Parsing topic file &#39;C:\Devel\VisalStudio\Projects\_uba\Templates\MyFamousLibrary_Doc\Content\VersionHistory\VersionHistory.aml&#39;
    C:\Devel\VisalStudio\Projects\_uba\Templates\MyFamousLibrary_Doc\Content\VersionHistory\VersionHistory.aml -&gt; C:\Devel\VisalStudio\Projects\_uba\Templates\MyFamousLibrary_Doc\Help\Working\ddueXml\68531982-bbb2-44f0-bcbd-f04e8f9d5763.xml
    Parsing topic file &#39;C:\Devel\VisalStudio\Projects\_uba\Templates\MyFamousLibrary_Doc\Content\VersionHistory\v1.0.0.0.aml&#39;
    C:\Devel\VisalStudio\Projects\_uba\Templates\MyFamousLibrary_Doc\Content\VersionHistory\v1.0.0.0.aml -&gt; C:\Devel\VisalStudio\Projects\_uba\Templates\MyFamousLibrary_Doc\Help\Working\ddueXml\c852e53b-b7f6-4e87-981b-7bc53c6f5ae4.xml
    Last step completed in 00:00:00,0290
</buildStep>
<buildStep step="CreateConceptualTopicConfigs">
Creating conceptual topic configuration files...
    Companion files
    _ContentMetadata_.xml
    Merging topic IDs into manifest.xml
    Last step completed in 00:00:00,0070
</buildStep>
<buildStep step="CopyAdditionalContent">
Copying additional content files...
C:\Devel\VisalStudio\Projects\_uba\Templates\MyFamousLibrary_Doc\icons\Help.png -&gt; C:\Devel\VisalStudio\Projects\_uba\Templates\MyFamousLibrary_Doc\Help\Working\Output\HtmlHelp1\icons\Help.png
    Last step completed in 00:00:00,0050
</buildStep>
<buildStep step="MergeTablesOfContents">
Merging conceptual and additional tables of contents...
    Last step completed in 00:00:00,0000
</buildStep>
<buildStep step="GenerateIntermediateTableOfContents">
Generating intermediate table of contents file...
[C:\Program Files (x86)\Microsoft Visual Studio\2017\Professional\MSBuild\15.0\Bin\MSBuild.exe - GenerateIntermediateTOC.proj]
Der Buildvorgang wurde am 22.09.2017 16:22:24 gestartet.
Projekt &quot;C:\Devel\VisalStudio\Projects\_uba\Templates\MyFamousLibrary_Doc\Help\Working\GenerateIntermediateTOC.proj&quot; auf Knoten &quot;1&quot; (Standardziele).
GenerateIntermediateTOC:
  XslTransform (v2017.5.15.0)
  Copyright &#184; 2006-2017, Microsoft Corporation, All Rights Reserved.
  Portions Copyright &#184; 2006-2016, Eric Woodruff, All Rights Reserved.
  Applying XSL transformation &#39;C:\Program Files (x86)\EWSoftware\Sandcastle Help File Builder\\ProductionTransforms\CreateVSToc.xsl&#39;.
Die Erstellung von Projekt &quot;C:\Devel\VisalStudio\Projects\_uba\Templates\MyFamousLibrary_Doc\Help\Working\GenerateIntermediateTOC.proj&quot; ist abgeschlossen (Standardziele).
Generating conceptual content intermediate TOC file...
    Last step completed in 00:00:00,2840
</buildStep>
<buildStep step="CreateBuildAssemblerConfigs">
Creating Sandcastle configuration files...
    sandcastle.config
    Last step completed in 00:00:00,1020
</buildStep>
<buildStep step="MergeCustomConfigs">
Merging custom build component configurations
C:\Devel\VisalStudio\Projects\_uba\Templates\MyFamousLibrary_Doc\Help\Working\sandcastle.config
  Updating reference topic configurations.
  Updating conceptual topic configurations.
    Removing unused ExampleComponent.
    Last step completed in 00:00:00,0030
</buildStep>
<buildStep step="BuildTopics">
Building help topics...
[C:\Program Files (x86)\Microsoft Visual Studio\2017\Professional\MSBuild\15.0\Bin\MSBuild.exe - BuildTopics.proj]
Der Buildvorgang wurde am 22.09.2017 16:22:24 gestartet.
Projekt &quot;C:\Devel\VisalStudio\Projects\_uba\Templates\MyFamousLibrary_Doc\Help\Working\BuildTopics.proj&quot; auf Knoten &quot;1&quot; (Standardziele).
BuildTopics:
  BuildAssembler (v2017.5.15.0)
  Copyright &#184; 2006-2017, Microsoft Corporation, All Rights Reserved.
  Portions Copyright &#184; 2006-2016, Eric Woodruff, All Rights Reserved.
  Loading configuration...
  Processing topics...
  Processed 17 topic(s)
  CopyFromIndexComponent: &quot;metadata&quot; in-memory cache entries used: 1 of 15.
  ResolveArtLinksComponent: Copying media files...
  CopyFromIndexComponent: &quot;reflection&quot; in-memory cache entries used: 2 of 15.
  CopyFromIndexComponent: &quot;comments&quot; in-memory cache entries used: 3 of 30.
Die Erstellung von Projekt &quot;C:\Devel\VisalStudio\Projects\_uba\Templates\MyFamousLibrary_Doc\Help\Working\BuildTopics.proj&quot; ist abgeschlossen (Standardziele).
    Last step completed in 00:00:07,5740
</buildStep>
<buildStep step="CombiningIntermediateTocFiles">
Combining conceptual and API intermediate TOC files...
    Last step completed in 00:00:00,0030
</buildStep>
<buildStep step="ExtractingHtmlInfo">
Extracting HTML info for HTML Help 1 and/or website...
[C:\Program Files (x86)\Microsoft Visual Studio\2017\Professional\MSBuild\15.0\Bin\MSBuild.exe - ExtractHtmlInfo.proj]
Sandcastle Help File Builder and Tools, version 2017.5.15.0
Copyright &#184; 2006-2017, Eric Woodruff, All Rights Reserved
E-Mail: Eric@EWoodruff.us

Using LCID &#39;1033&#39;, code page &#39;65001&#39;, encoding charset &#39;UTF-8&#39;.

Processing Help 1 files in C:\Devel\VisalStudio\Projects\_uba\Templates\MyFamousLibrary_Doc\Help\Working\Output\HtmlHelp1
Processed 17 HTML files
Sorting keywords and generating See Also indices
Saving HTML Help 1 keyword index to C:\Devel\VisalStudio\Projects\_uba\Templates\MyFamousLibrary_Doc\Help\Working\MyFamousLibrary_Doc.hhk
Saving HTML Help 1 table of contents to C:\Devel\VisalStudio\Projects\_uba\Templates\MyFamousLibrary_Doc\Help\Working\MyFamousLibrary_Doc.hhc
    Last step completed in 00:00:00,2840
</buildStep>
<buildStep step="CopyStandardHelpContent">
Copying standard help content...
C:\Program Files (x86)\EWSoftware\Sandcastle Help File Builder\PresentationStyles\VS2013\icons\AlertCaution.png -&gt; C:\Devel\VisalStudio\Projects\_uba\Templates\MyFamousLibrary_Doc\Help\Working\Output\HtmlHelp1\icons\AlertCaution.png
C:\Program Files (x86)\EWSoftware\Sandcastle Help File Builder\PresentationStyles\VS2013\icons\AlertNote.png -&gt; C:\Devel\VisalStudio\Projects\_uba\Templates\MyFamousLibrary_Doc\Help\Working\Output\HtmlHelp1\icons\AlertNote.png
C:\Program Files (x86)\EWSoftware\Sandcastle Help File Builder\PresentationStyles\VS2013\icons\AlertSecurity.png -&gt; C:\Devel\VisalStudio\Projects\_uba\Templates\MyFamousLibrary_Doc\Help\Working\Output\HtmlHelp1\icons\AlertSecurity.png
C:\Program Files (x86)\EWSoftware\Sandcastle Help File Builder\PresentationStyles\VS2013\icons\CFW.gif -&gt; C:\Devel\VisalStudio\Projects\_uba\Templates\MyFamousLibrary_Doc\Help\Working\Output\HtmlHelp1\icons\CFW.gif
C:\Program Files (x86)\EWSoftware\Sandcastle Help File Builder\PresentationStyles\VS2013\icons\CodeExample.png -&gt; C:\Devel\VisalStudio\Projects\_uba\Templates\MyFamousLibrary_Doc\Help\Working\Output\HtmlHelp1\icons\CodeExample.png
C:\Program Files (x86)\EWSoftware\Sandcastle Help File Builder\PresentationStyles\VS2013\icons\favicon.ico -&gt; C:\Devel\VisalStudio\Projects\_uba\Templates\MyFamousLibrary_Doc\Help\Working\Output\HtmlHelp1\icons\favicon.ico
C:\Program Files (x86)\EWSoftware\Sandcastle Help File Builder\PresentationStyles\VS2013\icons\privclass.gif -&gt; C:\Devel\VisalStudio\Projects\_uba\Templates\MyFamousLibrary_Doc\Help\Working\Output\HtmlHelp1\icons\privclass.gif
C:\Program Files (x86)\EWSoftware\Sandcastle Help File Builder\PresentationStyles\VS2013\icons\privdelegate.gif -&gt; C:\Devel\VisalStudio\Projects\_uba\Templates\MyFamousLibrary_Doc\Help\Working\Output\HtmlHelp1\icons\privdelegate.gif
C:\Program Files (x86)\EWSoftware\Sandcastle Help File Builder\PresentationStyles\VS2013\icons\privenumeration.gif -&gt; C:\Devel\VisalStudio\Projects\_uba\Templates\MyFamousLibrary_Doc\Help\Working\Output\HtmlHelp1\icons\privenumeration.gif
C:\Program Files (x86)\EWSoftware\Sandcastle Help File Builder\PresentationStyles\VS2013\icons\privevent.gif -&gt; C:\Devel\VisalStudio\Projects\_uba\Templates\MyFamousLibrary_Doc\Help\Working\Output\HtmlHelp1\icons\privevent.gif
C:\Program Files (x86)\EWSoftware\Sandcastle Help File Builder\PresentationStyles\VS2013\icons\privextension.gif -&gt; C:\Devel\VisalStudio\Projects\_uba\Templates\MyFamousLibrary_Doc\Help\Working\Output\HtmlHelp1\icons\privextension.gif
C:\Program Files (x86)\EWSoftware\Sandcastle Help File Builder\PresentationStyles\VS2013\icons\privfield.gif -&gt; C:\Devel\VisalStudio\Projects\_uba\Templates\MyFamousLibrary_Doc\Help\Working\Output\HtmlHelp1\icons\privfield.gif
C:\Program Files (x86)\EWSoftware\Sandcastle Help File Builder\PresentationStyles\VS2013\icons\privinterface.gif -&gt; C:\Devel\VisalStudio\Projects\_uba\Templates\MyFamousLibrary_Doc\Help\Working\Output\HtmlHelp1\icons\privinterface.gif
C:\Program Files (x86)\EWSoftware\Sandcastle Help File Builder\PresentationStyles\VS2013\icons\privmethod.gif -&gt; C:\Devel\VisalStudio\Projects\_uba\Templates\MyFamousLibrary_Doc\Help\Working\Output\HtmlHelp1\icons\privmethod.gif
C:\Program Files (x86)\EWSoftware\Sandcastle Help File Builder\PresentationStyles\VS2013\icons\privproperty.gif -&gt; C:\Devel\VisalStudio\Projects\_uba\Templates\MyFamousLibrary_Doc\Help\Working\Output\HtmlHelp1\icons\privproperty.gif
C:\Program Files (x86)\EWSoftware\Sandcastle Help File Builder\PresentationStyles\VS2013\icons\privstructure.gif -&gt; C:\Devel\VisalStudio\Projects\_uba\Templates\MyFamousLibrary_Doc\Help\Working\Output\HtmlHelp1\icons\privstructure.gif
C:\Program Files (x86)\EWSoftware\Sandcastle Help File Builder\PresentationStyles\VS2013\icons\protclass.gif -&gt; C:\Devel\VisalStudio\Projects\_uba\Templates\MyFamousLibrary_Doc\Help\Working\Output\HtmlHelp1\icons\protclass.gif
C:\Program Files (x86)\EWSoftware\Sandcastle Help File Builder\PresentationStyles\VS2013\icons\protdelegate.gif -&gt; C:\Devel\VisalStudio\Projects\_uba\Templates\MyFamousLibrary_Doc\Help\Working\Output\HtmlHelp1\icons\protdelegate.gif
C:\Program Files (x86)\EWSoftware\Sandcastle Help File Builder\PresentationStyles\VS2013\icons\protenumeration.gif -&gt; C:\Devel\VisalStudio\Projects\_uba\Templates\MyFamousLibrary_Doc\Help\Working\Output\HtmlHelp1\icons\protenumeration.gif
C:\Program Files (x86)\EWSoftware\Sandcastle Help File Builder\PresentationStyles\VS2013\icons\protevent.gif -&gt; C:\Devel\VisalStudio\Projects\_uba\Templates\MyFamousLibrary_Doc\Help\Working\Output\HtmlHelp1\icons\protevent.gif
C:\Program Files (x86)\EWSoftware\Sandcastle Help File Builder\PresentationStyles\VS2013\icons\protextension.gif -&gt; C:\Devel\VisalStudio\Projects\_uba\Templates\MyFamousLibrary_Doc\Help\Working\Output\HtmlHelp1\icons\protextension.gif
C:\Program Files (x86)\EWSoftware\Sandcastle Help File Builder\PresentationStyles\VS2013\icons\protfield.gif -&gt; C:\Devel\VisalStudio\Projects\_uba\Templates\MyFamousLibrary_Doc\Help\Working\Output\HtmlHelp1\icons\protfield.gif
C:\Program Files (x86)\EWSoftware\Sandcastle Help File Builder\PresentationStyles\VS2013\icons\protinterface.gif -&gt; C:\Devel\VisalStudio\Projects\_uba\Templates\MyFamousLibrary_Doc\Help\Working\Output\HtmlHelp1\icons\protinterface.gif
C:\Program Files (x86)\EWSoftware\Sandcastle Help File Builder\PresentationStyles\VS2013\icons\protmethod.gif -&gt; C:\Devel\VisalStudio\Projects\_uba\Templates\MyFamousLibrary_Doc\Help\Working\Output\HtmlHelp1\icons\protmethod.gif
C:\Program Files (x86)\EWSoftware\Sandcastle Help File Builder\PresentationStyles\VS2013\icons\protoperator.gif -&gt; C:\Devel\VisalStudio\Projects\_uba\Templates\MyFamousLibrary_Doc\Help\Working\Output\HtmlHelp1\icons\protoperator.gif
C:\Program Files (x86)\EWSoftware\Sandcastle Help File Builder\PresentationStyles\VS2013\icons\protproperty.gif -&gt; C:\Devel\VisalStudio\Projects\_uba\Templates\MyFamousLibrary_Doc\Help\Working\Output\HtmlHelp1\icons\protproperty.gif
C:\Program Files (x86)\EWSoftware\Sandcastle Help File Builder\PresentationStyles\VS2013\icons\protstructure.gif -&gt; C:\Devel\VisalStudio\Projects\_uba\Templates\MyFamousLibrary_Doc\Help\Working\Output\HtmlHelp1\icons\protstructure.gif
C:\Program Files (x86)\EWSoftware\Sandcastle Help File Builder\PresentationStyles\VS2013\icons\pubclass.gif -&gt; C:\Devel\VisalStudio\Projects\_uba\Templates\MyFamousLibrary_Doc\Help\Working\Output\HtmlHelp1\icons\pubclass.gif
C:\Program Files (x86)\EWSoftware\Sandcastle Help File Builder\PresentationStyles\VS2013\icons\pubdelegate.gif -&gt; C:\Devel\VisalStudio\Projects\_uba\Templates\MyFamousLibrary_Doc\Help\Working\Output\HtmlHelp1\icons\pubdelegate.gif
C:\Program Files (x86)\EWSoftware\Sandcastle Help File Builder\PresentationStyles\VS2013\icons\pubenumeration.gif -&gt; C:\Devel\VisalStudio\Projects\_uba\Templates\MyFamousLibrary_Doc\Help\Working\Output\HtmlHelp1\icons\pubenumeration.gif
C:\Program Files (x86)\EWSoftware\Sandcastle Help File Builder\PresentationStyles\VS2013\icons\pubevent.gif -&gt; C:\Devel\VisalStudio\Projects\_uba\Templates\MyFamousLibrary_Doc\Help\Working\Output\HtmlHelp1\icons\pubevent.gif
C:\Program Files (x86)\EWSoftware\Sandcastle Help File Builder\PresentationStyles\VS2013\icons\pubextension.gif -&gt; C:\Devel\VisalStudio\Projects\_uba\Templates\MyFamousLibrary_Doc\Help\Working\Output\HtmlHelp1\icons\pubextension.gif
C:\Program Files (x86)\EWSoftware\Sandcastle Help File Builder\PresentationStyles\VS2013\icons\pubfield.gif -&gt; C:\Devel\VisalStudio\Projects\_uba\Templates\MyFamousLibrary_Doc\Help\Working\Output\HtmlHelp1\icons\pubfield.gif
C:\Program Files (x86)\EWSoftware\Sandcastle Help File Builder\PresentationStyles\VS2013\icons\pubinterface.gif -&gt; C:\Devel\VisalStudio\Projects\_uba\Templates\MyFamousLibrary_Doc\Help\Working\Output\HtmlHelp1\icons\pubinterface.gif
C:\Program Files (x86)\EWSoftware\Sandcastle Help File Builder\PresentationStyles\VS2013\icons\pubmethod.gif -&gt; C:\Devel\VisalStudio\Projects\_uba\Templates\MyFamousLibrary_Doc\Help\Working\Output\HtmlHelp1\icons\pubmethod.gif
C:\Program Files (x86)\EWSoftware\Sandcastle Help File Builder\PresentationStyles\VS2013\icons\puboperator.gif -&gt; C:\Devel\VisalStudio\Projects\_uba\Templates\MyFamousLibrary_Doc\Help\Working\Output\HtmlHelp1\icons\puboperator.gif
C:\Program Files (x86)\EWSoftware\Sandcastle Help File Builder\PresentationStyles\VS2013\icons\pubproperty.gif -&gt; C:\Devel\VisalStudio\Projects\_uba\Templates\MyFamousLibrary_Doc\Help\Working\Output\HtmlHelp1\icons\pubproperty.gif
C:\Program Files (x86)\EWSoftware\Sandcastle Help File Builder\PresentationStyles\VS2013\icons\pubstructure.gif -&gt; C:\Devel\VisalStudio\Projects\_uba\Templates\MyFamousLibrary_Doc\Help\Working\Output\HtmlHelp1\icons\pubstructure.gif
C:\Program Files (x86)\EWSoftware\Sandcastle Help File Builder\PresentationStyles\VS2013\icons\SectionCollapsed.png -&gt; C:\Devel\VisalStudio\Projects\_uba\Templates\MyFamousLibrary_Doc\Help\Working\Output\HtmlHelp1\icons\SectionCollapsed.png
C:\Program Files (x86)\EWSoftware\Sandcastle Help File Builder\PresentationStyles\VS2013\icons\SectionExpanded.png -&gt; C:\Devel\VisalStudio\Projects\_uba\Templates\MyFamousLibrary_Doc\Help\Working\Output\HtmlHelp1\icons\SectionExpanded.png
C:\Program Files (x86)\EWSoftware\Sandcastle Help File Builder\PresentationStyles\VS2013\icons\slMobile.gif -&gt; C:\Devel\VisalStudio\Projects\_uba\Templates\MyFamousLibrary_Doc\Help\Working\Output\HtmlHelp1\icons\slMobile.gif
C:\Program Files (x86)\EWSoftware\Sandcastle Help File Builder\PresentationStyles\VS2013\icons\static.gif -&gt; C:\Devel\VisalStudio\Projects\_uba\Templates\MyFamousLibrary_Doc\Help\Working\Output\HtmlHelp1\icons\static.gif
C:\Program Files (x86)\EWSoftware\Sandcastle Help File Builder\PresentationStyles\VS2013\icons\xna.gif -&gt; C:\Devel\VisalStudio\Projects\_uba\Templates\MyFamousLibrary_Doc\Help\Working\Output\HtmlHelp1\icons\xna.gif
C:\Program Files (x86)\EWSoftware\Sandcastle Help File Builder\PresentationStyles\VS2013\scripts\branding.js -&gt; C:\Devel\VisalStudio\Projects\_uba\Templates\MyFamousLibrary_Doc\Help\Working\Output\HtmlHelp1\scripts\branding.js
C:\Program Files (x86)\EWSoftware\Sandcastle Help File Builder\PresentationStyles\VS2013\styles\branding-cs-CZ.css -&gt; C:\Devel\VisalStudio\Projects\_uba\Templates\MyFamousLibrary_Doc\Help\Working\Output\HtmlHelp1\styles\branding-cs-CZ.css
C:\Program Files (x86)\EWSoftware\Sandcastle Help File Builder\PresentationStyles\VS2013\styles\branding-de-DE.css -&gt; C:\Devel\VisalStudio\Projects\_uba\Templates\MyFamousLibrary_Doc\Help\Working\Output\HtmlHelp1\styles\branding-de-DE.css
C:\Program Files (x86)\EWSoftware\Sandcastle Help File Builder\PresentationStyles\VS2013\styles\branding-en-US.css -&gt; C:\Devel\VisalStudio\Projects\_uba\Templates\MyFamousLibrary_Doc\Help\Working\Output\HtmlHelp1\styles\branding-en-US.css
C:\Program Files (x86)\EWSoftware\Sandcastle Help File Builder\PresentationStyles\VS2013\styles\branding-es-ES.css -&gt; C:\Devel\VisalStudio\Projects\_uba\Templates\MyFamousLibrary_Doc\Help\Working\Output\HtmlHelp1\styles\branding-es-ES.css
C:\Program Files (x86)\EWSoftware\Sandcastle Help File Builder\PresentationStyles\VS2013\styles\branding-fr-FR.css -&gt; C:\Devel\VisalStudio\Projects\_uba\Templates\MyFamousLibrary_Doc\Help\Working\Output\HtmlHelp1\styles\branding-fr-FR.css
C:\Program Files (x86)\EWSoftware\Sandcastle Help File Builder\PresentationStyles\VS2013\styles\branding-Help1.css -&gt; C:\Devel\VisalStudio\Projects\_uba\Templates\MyFamousLibrary_Doc\Help\Working\Output\HtmlHelp1\styles\branding-Help1.css
C:\Program Files (x86)\EWSoftware\Sandcastle Help File Builder\PresentationStyles\VS2013\styles\branding-HelpViewer.css -&gt; C:\Devel\VisalStudio\Projects\_uba\Templates\MyFamousLibrary_Doc\Help\Working\Output\HtmlHelp1\styles\branding-HelpViewer.css
C:\Program Files (x86)\EWSoftware\Sandcastle Help File Builder\PresentationStyles\VS2013\styles\branding-it-IT.css -&gt; C:\Devel\VisalStudio\Projects\_uba\Templates\MyFamousLibrary_Doc\Help\Working\Output\HtmlHelp1\styles\branding-it-IT.css
C:\Program Files (x86)\EWSoftware\Sandcastle Help File Builder\PresentationStyles\VS2013\styles\branding-ja-JP.css -&gt; C:\Devel\VisalStudio\Projects\_uba\Templates\MyFamousLibrary_Doc\Help\Working\Output\HtmlHelp1\styles\branding-ja-JP.css
C:\Program Files (x86)\EWSoftware\Sandcastle Help File Builder\PresentationStyles\VS2013\styles\branding-ko-KR.css -&gt; C:\Devel\VisalStudio\Projects\_uba\Templates\MyFamousLibrary_Doc\Help\Working\Output\HtmlHelp1\styles\branding-ko-KR.css
C:\Program Files (x86)\EWSoftware\Sandcastle Help File Builder\PresentationStyles\VS2013\styles\branding-pl-PL.css -&gt; C:\Devel\VisalStudio\Projects\_uba\Templates\MyFamousLibrary_Doc\Help\Working\Output\HtmlHelp1\styles\branding-pl-PL.css
C:\Program Files (x86)\EWSoftware\Sandcastle Help File Builder\PresentationStyles\VS2013\styles\branding-pt-BR.css -&gt; C:\Devel\VisalStudio\Projects\_uba\Templates\MyFamousLibrary_Doc\Help\Working\Output\HtmlHelp1\styles\branding-pt-BR.css
C:\Program Files (x86)\EWSoftware\Sandcastle Help File Builder\PresentationStyles\VS2013\styles\branding-ru-RU.css -&gt; C:\Devel\VisalStudio\Projects\_uba\Templates\MyFamousLibrary_Doc\Help\Working\Output\HtmlHelp1\styles\branding-ru-RU.css
C:\Program Files (x86)\EWSoftware\Sandcastle Help File Builder\PresentationStyles\VS2013\styles\branding-tr-TR.css -&gt; C:\Devel\VisalStudio\Projects\_uba\Templates\MyFamousLibrary_Doc\Help\Working\Output\HtmlHelp1\styles\branding-tr-TR.css
C:\Program Files (x86)\EWSoftware\Sandcastle Help File Builder\PresentationStyles\VS2013\styles\branding-Website.css -&gt; C:\Devel\VisalStudio\Projects\_uba\Templates\MyFamousLibrary_Doc\Help\Working\Output\HtmlHelp1\styles\branding-Website.css
C:\Program Files (x86)\EWSoftware\Sandcastle Help File Builder\PresentationStyles\VS2013\styles\branding-zh-CN.css -&gt; C:\Devel\VisalStudio\Projects\_uba\Templates\MyFamousLibrary_Doc\Help\Working\Output\HtmlHelp1\styles\branding-zh-CN.css
C:\Program Files (x86)\EWSoftware\Sandcastle Help File Builder\PresentationStyles\VS2013\styles\branding-zh-TW.css -&gt; C:\Devel\VisalStudio\Projects\_uba\Templates\MyFamousLibrary_Doc\Help\Working\Output\HtmlHelp1\styles\branding-zh-TW.css
C:\Program Files (x86)\EWSoftware\Sandcastle Help File Builder\PresentationStyles\VS2013\styles\branding.css -&gt; C:\Devel\VisalStudio\Projects\_uba\Templates\MyFamousLibrary_Doc\Help\Working\Output\HtmlHelp1\styles\branding.css
    Last step completed in 00:00:00,3460
</buildStep>
<buildStep step="GenerateHelpFormatTableOfContents">
Generating HTML Help 1 table of contents file...
    Last step completed in 00:00:00,0010
</buildStep>
<buildStep step="GenerateHelpFileIndex">
Generating HTML Help 1 index file...
    Last step completed in 00:00:00,0000
</buildStep>
<buildStep step="GenerateHelpProject">
Generating HTML Help 1 project file...
    Last step completed in 00:00:00,0030
</buildStep>
<buildStep step="CompilingHelpFile">
Compiling HTML Help 1 file...
[C:\Program Files (x86)\Microsoft Visual Studio\2017\Professional\MSBuild\15.0\Bin\MSBuild.exe - Build1xHelpFile.proj]
  Microsoft HTML Help Compiler 4.74.8702
  
  
  
  Compiling c:\Devel\VisalStudio\Projects\_uba\Templates\MyFamousLibrary_Doc\Help\Working\Output\HtmlHelp1\MyFamousLibrary_Doc.chm
  
  
  
  
  
  Compile time: 0 minutes, 0 seconds
  
  19	Topics
  
  160	Local links
  
  43	Internet links
  
  0	Graphics
  
  
  
  
  
  Created c:\Devel\VisalStudio\Projects\_uba\Templates\MyFamousLibrary_Doc\Help\Working\Output\HtmlHelp1\MyFamousLibrary_Doc.chm, 72,321 bytes
  
  Compression decreased file by 140,599 bytes.
  
    Last step completed in 00:00:00,7200
</buildStep>
<buildStep step="CleanIntermediates">
Removing intermediate files...
    Last step completed in 00:00:00,0280
</buildStep>
<buildStep step="Completed">

Build completed successfully at 22.09.2017 16:22:33.  Total time: 00:00:11,2400

</buildStep>
</shfbBuild>
